[2021-02-05 11:34:24] marketplace.INFO: Observer_AdminhtmlCustomerSaveAfterObserver uploadSellerProfileImage : The file was not uploaded. [] []
[2021-02-05 11:34:24] marketplace.INFO: Observer_AdminhtmlCustomerSaveAfterObserver uploadSellerProfileImage : The file was not uploaded. [] []
[2021-02-05 11:36:04] marketplace.INFO: Observer_AdminhtmlCustomerSaveAfterObserver uploadSellerProfileImage : The file was not uploaded. [] []
[2021-02-05 11:36:04] marketplace.INFO: Observer_AdminhtmlCustomerSaveAfterObserver uploadSellerProfileImage : The file was not uploaded. [] []
[2021-02-05 11:36:41] marketplace.INFO: Observer_AdminhtmlCustomerSaveAfterObserver certification : Notice: Undefined variable: value in /var/www/style.com/public_html/app/code/Webkul/Marketplace/Observer/AdminhtmlCustomerSaveAfterObserver.php on line 253 [] []
[2021-02-05 11:37:52] marketplace.INFO: Observer_AdminhtmlCustomerSaveAfterObserver uploadSellerProfileImage : The file was not uploaded. [] []
[2021-02-05 11:37:52] marketplace.INFO: Observer_AdminhtmlCustomerSaveAfterObserver uploadSellerProfileImage : The file was not uploaded. [] []
[2021-02-05 11:41:06] marketplace.INFO: Observer_AdminhtmlCustomerSaveAfterObserver uploadSellerProfileImage : The file was not uploaded. [] []
[2021-02-05 11:41:06] marketplace.INFO: Observer_AdminhtmlCustomerSaveAfterObserver uploadSellerProfileImage : The file was not uploaded. [] []
[2021-02-05 11:41:44] marketplace.INFO: Observer_AdminhtmlCustomerSaveAfterObserver uploadSellerProfileImage : The file was not uploaded. [] []
[2021-02-05 11:41:44] marketplace.INFO: Observer_AdminhtmlCustomerSaveAfterObserver uploadSellerProfileImage : The file was not uploaded. [] []
[2021-02-05 12:12:06] marketplace.INFO: Observer_AdminhtmlCustomerSaveAfterObserver uploadSellerProfileImage : The file was not uploaded. [] []
[2021-02-05 12:12:06] marketplace.INFO: Observer_AdminhtmlCustomerSaveAfterObserver uploadSellerProfileImage : The file was not uploaded. [] []
[2021-02-05 12:13:00] marketplace.INFO: Controller_Account_EditProfilePost execute : The file was not uploaded. [] []
[2021-02-05 12:13:00] marketplace.INFO: Controller_Account_EditProfilePost execute : The file was not uploaded. [] []
[2021-02-05 12:14:04] marketplace.INFO: Observer_AdminhtmlCustomerSaveAfterObserver uploadSellerProfileImage : The file was not uploaded. [] []
[2021-02-05 12:14:04] marketplace.INFO: Observer_AdminhtmlCustomerSaveAfterObserver uploadSellerProfileImage : The file was not uploaded. [] []
[2021-02-05 12:16:13] marketplace.INFO: Observer_AdminhtmlCustomerSaveAfterObserver uploadSellerProfileImage : The file was not uploaded. [] []
[2021-02-05 12:16:13] marketplace.INFO: Observer_AdminhtmlCustomerSaveAfterObserver uploadSellerProfileImage : The file was not uploaded. [] []
[2021-02-05 12:16:18] marketplace.INFO: Observer_AdminhtmlCustomerSaveAfterObserver uploadSellerProfileImage : $_FILES array is empty [] []
[2021-02-05 12:16:18] marketplace.INFO: Observer_AdminhtmlCustomerSaveAfterObserver uploadSellerProfileImage : $_FILES array is empty [] []
[2021-02-05 12:16:38] marketplace.INFO: Observer_AdminhtmlCustomerSaveAfterObserver uploadSellerProfileImage : $_FILES array is empty [] []
[2021-02-05 12:16:38] marketplace.INFO: Observer_AdminhtmlCustomerSaveAfterObserver uploadSellerProfileImage : $_FILES array is empty [] []
[2021-02-05 12:17:47] marketplace.INFO: Observer_AdminhtmlCustomerSaveAfterObserver uploadSellerProfileImage : The file was not uploaded. [] []
[2021-02-05 12:17:47] marketplace.INFO: Observer_AdminhtmlCustomerSaveAfterObserver uploadSellerProfileImage : The file was not uploaded. [] []
[2021-02-05 12:18:33] marketplace.INFO: Observer_AdminhtmlCustomerSaveAfterObserver uploadSellerProfileImage : The file was not uploaded. [] []
[2021-02-05 12:18:33] marketplace.INFO: Observer_AdminhtmlCustomerSaveAfterObserver uploadSellerProfileImage : The file was not uploaded. [] []
[2021-02-05 12:18:55] marketplace.INFO: Observer_AdminhtmlCustomerSaveAfterObserver uploadSellerProfileImage : The file was not uploaded. [] []
[2021-02-05 12:18:55] marketplace.INFO: Observer_AdminhtmlCustomerSaveAfterObserver uploadSellerProfileImage : The file was not uploaded. [] []
[2021-02-05 12:19:55] marketplace.INFO: Observer_AdminhtmlCustomerSaveAfterObserver uploadSellerProfileImage : The file was not uploaded. [] []
[2021-02-05 12:19:55] marketplace.INFO: Observer_AdminhtmlCustomerSaveAfterObserver uploadSellerProfileImage : The file was not uploaded. [] []
[2021-02-05 12:20:41] marketplace.INFO: Controller_Account_EditProfilePost execute : The file was not uploaded. [] []
[2021-02-05 12:20:41] marketplace.INFO: Controller_Account_EditProfilePost execute : The file was not uploaded. [] []
[2021-02-05 12:55:06] marketplace.INFO: controller_account_dashboard_tunnel execute : Unable to read response, or response is empty [] []
[2021-02-05 13:04:13] marketplace.INFO: Controller_Account_EditProfilePost execute : The file was not uploaded. [] []
[2021-02-05 13:04:13] marketplace.INFO: Controller_Account_EditProfilePost execute : The file was not uploaded. [] []
[2021-02-05 13:06:18] marketplace.INFO: Controller_Account_EditProfilePost execute : The file was not uploaded. [] []
[2021-02-05 13:06:18] marketplace.INFO: Controller_Account_EditProfilePost execute : The file was not uploaded. [] []
[2021-02-08 10:30:52] marketplace.INFO: Controller_Account_EditProfilePost execute : The file was not uploaded. [] []
[2021-02-08 10:30:52] marketplace.INFO: Controller_Account_EditProfilePost execute : The file was not uploaded. [] []
[2021-02-08 13:41:49] marketplace.INFO: controller_account_dashboard_tunnel execute : Unable to read response, or response is empty [] []
[2021-02-08 13:52:32] marketplace.INFO: Controller_Account_EditProfilePost execute : The file was not uploaded. [] []
[2021-02-08 13:52:32] marketplace.INFO: Controller_Account_EditProfilePost execute : The file was not uploaded. [] []
[2021-02-08 14:42:02] marketplace.INFO: controller_account_dashboard_tunnel execute : Unable to read response, or response is empty [] []
[2021-02-08 14:42:07] marketplace.INFO: controller_account_dashboard_tunnel execute : Unable to read response, or response is empty [] []
[2021-02-08 14:42:21] marketplace.INFO: controller_account_dashboard_tunnel execute : Unable to read response, or response is empty [] []
[2021-02-08 14:42:27] marketplace.INFO: controller_account_dashboard_tunnel execute : Unable to read response, or response is empty [] []
[2021-02-08 14:42:40] marketplace.INFO: controller_account_dashboard_tunnel execute : Unable to read response, or response is empty [] []
[2021-02-08 14:42:45] marketplace.INFO: controller_account_dashboard_tunnel execute : Unable to read response, or response is empty [] []
[2021-02-08 15:40:12] marketplace.INFO: Observer_AdminhtmlCustomerSaveAfterObserver uploadSellerProfileImage : The file was not uploaded. [] []
[2021-02-08 15:40:12] marketplace.INFO: Observer_AdminhtmlCustomerSaveAfterObserver uploadSellerProfileImage : The file was not uploaded. [] []
[2021-02-08 16:27:07] marketplace.INFO: Observer_AdminhtmlCustomerSaveAfterObserver uploadSellerProfileImage : The file was not uploaded. [] []
[2021-02-08 16:27:07] marketplace.INFO: Observer_AdminhtmlCustomerSaveAfterObserver uploadSellerProfileImage : The file was not uploaded. [] []
[2021-02-08 16:29:20] marketplace.INFO: controller_account_dashboard_tunnel execute : Unable to read response, or response is empty [] []
[2021-02-08 16:29:28] marketplace.INFO: controller_account_dashboard_tunnel execute : Unable to read response, or response is empty [] []
[2021-02-08 16:29:41] marketplace.INFO: controller_account_dashboard_tunnel execute : Unable to read response, or response is empty [] []
[2021-02-08 16:30:11] marketplace.INFO: Controller_Account_EditProfilePost execute : The file was not uploaded. [] []
[2021-02-08 16:30:11] marketplace.INFO: Controller_Account_EditProfilePost execute : The file was not uploaded. [] []
[2021-02-08 16:30:26] marketplace.INFO: Controller_Account_EditProfilePost execute : The file was not uploaded. [] []
[2021-02-08 16:30:26] marketplace.INFO: Controller_Account_EditProfilePost execute : The file was not uploaded. [] []
[2021-02-09 11:38:14] marketplace.INFO: Controller_Account_EditProfilePost execute : The file was not uploaded. [] []
[2021-02-09 11:38:14] marketplace.INFO: Controller_Account_EditProfilePost execute : The file was not uploaded. [] []
[2021-02-09 12:29:17] marketplace.INFO: Controller_Account_RewriteUrlPost execute : Request Path for Specified Store already exists. [] []
[2021-02-09 12:49:29] marketplace.INFO: Controller_Account_RewriteUrlPost execute : Request Path for Specified Store already exists. [] []
[2021-02-09 12:49:59] marketplace.INFO: Controller_Account_EditProfilePost execute : The file was not uploaded. [] []
[2021-02-09 12:49:59] marketplace.INFO: Controller_Account_EditProfilePost execute : The file was not uploaded. [] []
[2021-02-09 13:04:03] marketplace.INFO: controller_account_dashboard_tunnel execute : Unable to read response, or response is empty [] []
[2021-02-09 13:07:18] marketplace.INFO: Controller_Account_EditProfilePost execute : The file was not uploaded. [] []
[2021-02-09 13:55:51] marketplace.INFO: Controller_Account_RewriteUrlPost execute : Request Path for Specified Store already exists. [] []
[2021-02-09 13:56:00] marketplace.INFO: Controller_Account_RewriteUrlPost execute : Request Path for Specified Store already exists. [] []
[2021-02-09 14:14:00] marketplace.INFO: Controller_Account_EditProfilePost execute : The file was not uploaded. [] []
[2021-02-09 14:14:00] marketplace.INFO: Controller_Account_EditProfilePost execute : The file was not uploaded. [] []
[2021-02-09 14:14:15] marketplace.INFO: Controller_Account_EditProfilePost execute : The file was not uploaded. [] []
[2021-02-09 14:46:19] marketplace.INFO: Controller_Account_EditProfilePost execute : The file was not uploaded. [] []
[2021-02-09 14:54:58] marketplace.INFO: Controller_Account_RewriteUrlPost execute : Request Path for Specified Store already exists. [] []
[2021-02-09 15:39:03] marketplace.INFO: controller_account_dashboard_tunnel execute : Unable to read response, or response is empty [] []
[2021-02-09 15:41:30] marketplace.INFO: Controller_Account_EditProfilePost execute : The file was not uploaded. [] []
[2021-02-09 16:22:46] marketplace.INFO: controller_account_dashboard_tunnel execute : Unable to read response, or response is empty [] []
[2021-02-09 17:04:59] marketplace.INFO: controller_account_dashboard_tunnel execute : Unable to read response, or response is empty [] []
[2021-02-10 09:41:57] marketplace.INFO: Controller_Account_EditProfilePost execute : The file was not uploaded. [] []
[2021-02-10 09:44:53] marketplace.INFO: Controller_Account_RewriteUrlPost execute : Request Path for Specified Store already exists. [] []
[2021-02-10 10:01:37] marketplace.INFO: Controller_Account_EditProfilePost execute : The file was not uploaded. [] []
[2021-02-10 12:48:43] marketplace.INFO: Controller_Account_EditProfilePost execute : The file was not uploaded. [] []
[2021-02-10 14:40:27] marketplace.INFO: Controller_Account_EditProfilePost execute : The file was not uploaded. [] []
[2021-02-10 14:40:27] marketplace.INFO: Controller_Account_EditProfilePost execute : The file was not uploaded. [] []
[2021-02-12 11:44:44] marketplace.INFO: Observer_SalesOrderPlaceAfterObserver productSalesCalculation : Warning: count(): Parameter must be an array or an object that implements Countable in /var/www/style.com/public_html/app/code/Webkul/Marketplace/Observer/SalesOrderPlaceAfterObserver.php on line 603 [] []
[2021-02-18 11:57:36] marketplace.INFO: controller_account_dashboard_tunnel execute : Unable to read response, or response is empty [] []
[2021-02-18 11:57:43] marketplace.INFO: controller_account_dashboard_tunnel execute : Unable to read response, or response is empty [] []
[2021-02-18 11:58:04] marketplace.INFO: controller_account_dashboard_tunnel execute : Unable to read response, or response is empty [] []
[2021-02-18 11:58:09] marketplace.INFO: controller_account_dashboard_tunnel execute : Unable to read response, or response is empty [] []
[2021-02-18 11:58:15] marketplace.INFO: controller_account_dashboard_tunnel execute : Unable to read response, or response is empty [] []
[2021-02-18 13:04:28] marketplace.INFO: Observer_SalesOrderPlaceAfterObserver productSalesCalculation : Warning: count(): Parameter must be an array or an object that implements Countable in /var/www/style.com/public_html/app/code/Webkul/Marketplace/Observer/SalesOrderPlaceAfterObserver.php on line 603 [] []
[2021-02-18 14:34:49] marketplace.INFO: Observer_SalesOrderPlaceAfterObserver productSalesCalculation : Warning: count(): Parameter must be an array or an object that implements Countable in /var/www/style.com/public_html/app/code/Webkul/Marketplace/Observer/SalesOrderPlaceAfterObserver.php on line 603 [] []
[2021-02-18 16:02:46] marketplace.INFO: Observer_SalesOrderPlaceAfterObserver productSalesCalculation : Warning: count(): Parameter must be an array or an object that implements Countable in /var/www/style.com/public_html/app/code/Webkul/Marketplace/Observer/SalesOrderPlaceAfterObserver.php on line 603 [] []
[2021-03-17 11:02:22] marketplace.INFO: controller_account_dashboard_tunnel execute : Unable to read response, or response is empty [] []
[2021-03-17 11:05:50] marketplace.INFO: Controller_Account_EditProfilePost execute : The file was not uploaded. [] []
[2021-03-17 11:05:50] marketplace.INFO: Controller_Account_EditProfilePost execute : The file was not uploaded. [] []
[2021-03-17 14:32:15] marketplace.INFO: Controller_Account_EditProfilePost execute : The file was not uploaded. [] []
[2021-03-17 14:32:15] marketplace.INFO: Controller_Account_EditProfilePost execute : The file was not uploaded. [] []
[2021-04-07 13:53:28] marketplace.INFO: Controller_Account_EditProfilePost execute : The file was not uploaded. [] []
[2021-04-07 13:53:28] marketplace.INFO: Controller_Account_EditProfilePost execute : The file was not uploaded. [] []
[2021-04-14 09:04:24] marketplace.INFO: Controller_Account_EditProfilePost execute : The file was not uploaded. [] []
[2021-04-14 09:04:24] marketplace.INFO: Controller_Account_EditProfilePost execute : The file was not uploaded. [] []
[2021-04-14 10:03:40] marketplace.INFO: controller_account_dashboard_tunnel execute : Unable to read response, or response is empty [] []
[2021-04-14 14:20:19] marketplace.INFO: Controller_Account_EditProfilePost execute : The file was not uploaded. [] []
[2021-04-14 14:20:19] marketplace.INFO: Controller_Account_EditProfilePost execute : The file was not uploaded. [] []
[2021-04-14 14:30:32] marketplace.INFO: Controller_Account_EditProfilePost execute : The file was not uploaded. [] []
[2021-04-14 14:30:32] marketplace.INFO: Controller_Account_EditProfilePost execute : The file was not uploaded. [] []
[2021-04-14 15:27:42] marketplace.INFO: Controller_Account_EditProfilePost execute : The file was not uploaded. [] []
[2021-04-14 15:27:42] marketplace.INFO: Controller_Account_EditProfilePost execute : The file was not uploaded. [] []
[2021-04-14 15:28:35] marketplace.INFO: Controller_Account_EditProfilePost execute : The file was not uploaded. [] []
[2021-04-14 15:28:35] marketplace.INFO: Controller_Account_EditProfilePost execute : The file was not uploaded. [] []
[2021-04-14 15:29:02] marketplace.INFO: Controller_Account_EditProfilePost execute : The file was not uploaded. [] []
[2021-04-14 15:29:02] marketplace.INFO: Controller_Account_EditProfilePost execute : The file was not uploaded. [] []
[2021-04-14 15:29:21] marketplace.INFO: Controller_Account_EditProfilePost execute : The file was not uploaded. [] []
[2021-04-14 15:29:21] marketplace.INFO: Controller_Account_EditProfilePost execute : The file was not uploaded. [] []
[2021-04-14 15:29:35] marketplace.INFO: Controller_Account_EditProfilePost execute : The file was not uploaded. [] []
[2021-04-14 15:29:35] marketplace.INFO: Controller_Account_EditProfilePost execute : The file was not uploaded. [] []
[2021-04-14 15:35:20] marketplace.INFO: Controller_Account_EditProfilePost execute : The file was not uploaded. [] []
[2021-04-14 15:35:20] marketplace.INFO: Controller_Account_EditProfilePost execute : The file was not uploaded. [] []
[2021-04-14 15:35:40] marketplace.INFO: Controller_Account_EditProfilePost execute : The file was not uploaded. [] []
[2021-04-14 15:35:40] marketplace.INFO: Controller_Account_EditProfilePost execute : The file was not uploaded. [] []
[2021-04-14 15:36:53] marketplace.INFO: Controller_Account_EditProfilePost execute : The file was not uploaded. [] []
[2021-04-14 15:36:53] marketplace.INFO: Controller_Account_EditProfilePost execute : The file was not uploaded. [] []
[2021-04-15 09:17:08] marketplace.INFO: Controller_Account_EditProfilePost execute : The file was not uploaded. [] []
[2021-04-15 09:17:08] marketplace.INFO: Controller_Account_EditProfilePost execute : The file was not uploaded. [] []
[2021-04-15 09:18:18] marketplace.INFO: Controller_Account_EditProfilePost execute : The file was not uploaded. [] []
[2021-04-15 09:18:18] marketplace.INFO: Controller_Account_EditProfilePost execute : The file was not uploaded. [] []
[2021-04-15 09:23:25] marketplace.INFO: Controller_Account_EditProfilePost execute : The file was not uploaded. [] []
[2021-04-15 09:23:25] marketplace.INFO: Controller_Account_EditProfilePost execute : The file was not uploaded. [] []
[2021-04-15 10:11:31] marketplace.INFO: Controller_Account_EditProfilePost execute : The file was not uploaded. [] []
[2021-04-15 10:11:31] marketplace.INFO: Controller_Account_EditProfilePost execute : The file was not uploaded. [] []
[2021-04-15 10:18:03] marketplace.INFO: Controller_Account_EditProfilePost execute : The file was not uploaded. [] []
[2021-04-15 10:18:03] marketplace.INFO: Controller_Account_EditProfilePost execute : The file was not uploaded. [] []
[2021-04-15 12:56:33] marketplace.INFO: Controller_Account_EditProfilePost execute : The file was not uploaded. [] []
[2021-04-15 12:56:33] marketplace.INFO: Controller_Account_EditProfilePost execute : The file was not uploaded. [] []
[2021-04-15 13:53:22] marketplace.INFO: Controller_Account_EditProfilePost execute : The file was not uploaded. [] []
[2021-04-15 13:53:22] marketplace.INFO: Controller_Account_EditProfilePost execute : The file was not uploaded. [] []
[2021-04-15 13:54:20] marketplace.INFO: Controller_Account_EditProfilePost execute : The file was not uploaded. [] []
[2021-04-15 13:54:20] marketplace.INFO: Controller_Account_EditProfilePost execute : The file was not uploaded. [] []
[2021-04-15 13:55:11] marketplace.INFO: Controller_Account_EditProfilePost execute : The file was not uploaded. [] []
[2021-04-15 13:55:11] marketplace.INFO: Controller_Account_EditProfilePost execute : The file was not uploaded. [] []
[2021-04-15 13:57:24] marketplace.INFO: Controller_Account_EditProfilePost execute : The file was not uploaded. [] []
[2021-04-15 13:57:24] marketplace.INFO: Controller_Account_EditProfilePost execute : The file was not uploaded. [] []
[2021-04-15 13:57:39] marketplace.INFO: Controller_Account_EditProfilePost execute : The file was not uploaded. [] []
[2021-04-15 13:57:39] marketplace.INFO: Controller_Account_EditProfilePost execute : The file was not uploaded. [] []
[2021-04-15 13:58:13] marketplace.INFO: Controller_Account_EditProfilePost execute : The file was not uploaded. [] []
[2021-04-15 13:58:13] marketplace.INFO: Controller_Account_EditProfilePost execute : The file was not uploaded. [] []
[2021-04-15 14:02:19] marketplace.INFO: Controller_Account_EditProfilePost execute : The file was not uploaded. [] []
[2021-04-15 14:02:19] marketplace.INFO: Controller_Account_EditProfilePost execute : The file was not uploaded. [] []
[2021-04-15 14:02:44] marketplace.INFO: Controller_Account_EditProfilePost execute : The file was not uploaded. [] []
[2021-04-15 14:02:44] marketplace.INFO: Controller_Account_EditProfilePost execute : The file was not uploaded. [] []
[2021-04-15 14:02:59] marketplace.INFO: Controller_Account_EditProfilePost execute : The file was not uploaded. [] []
[2021-04-15 14:02:59] marketplace.INFO: Controller_Account_EditProfilePost execute : The file was not uploaded. [] []
[2021-04-15 14:03:41] marketplace.INFO: Controller_Account_EditProfilePost execute : The file was not uploaded. [] []
[2021-04-15 14:03:41] marketplace.INFO: Controller_Account_EditProfilePost execute : The file was not uploaded. [] []
[2021-04-15 14:04:45] marketplace.INFO: Controller_Account_EditProfilePost execute : The file was not uploaded. [] []
[2021-04-15 14:04:45] marketplace.INFO: Controller_Account_EditProfilePost execute : The file was not uploaded. [] []
[2021-04-15 14:04:53] marketplace.INFO: Controller_Account_EditProfilePost execute : The file was not uploaded. [] []
[2021-04-15 14:04:53] marketplace.INFO: Controller_Account_EditProfilePost execute : The file was not uploaded. [] []
[2021-04-15 14:05:49] marketplace.INFO: Controller_Account_EditProfilePost execute : The file was not uploaded. [] []
[2021-04-15 14:05:49] marketplace.INFO: Controller_Account_EditProfilePost execute : The file was not uploaded. [] []
[2021-04-15 14:06:02] marketplace.INFO: Controller_Account_EditProfilePost execute : The file was not uploaded. [] []
[2021-04-15 14:06:02] marketplace.INFO: Controller_Account_EditProfilePost execute : The file was not uploaded. [] []
[2021-04-15 14:06:39] marketplace.INFO: Controller_Account_EditProfilePost execute : The file was not uploaded. [] []
[2021-04-15 14:06:39] marketplace.INFO: Controller_Account_EditProfilePost execute : The file was not uploaded. [] []
[2021-04-15 14:09:09] marketplace.INFO: Controller_Account_EditProfilePost execute : The file was not uploaded. [] []
[2021-04-15 14:09:09] marketplace.INFO: Controller_Account_EditProfilePost execute : The file was not uploaded. [] []
[2021-04-15 14:09:34] marketplace.INFO: Controller_Account_EditProfilePost execute : The file was not uploaded. [] []
[2021-04-15 14:09:34] marketplace.INFO: Controller_Account_EditProfilePost execute : The file was not uploaded. [] []
[2021-04-15 14:09:45] marketplace.INFO: Controller_Account_EditProfilePost execute : The file was not uploaded. [] []
[2021-04-15 14:09:45] marketplace.INFO: Controller_Account_EditProfilePost execute : The file was not uploaded. [] []
[2021-04-15 14:11:05] marketplace.INFO: Controller_Account_EditProfilePost execute : The file was not uploaded. [] []
[2021-04-15 14:11:05] marketplace.INFO: Controller_Account_EditProfilePost execute : The file was not uploaded. [] []
[2021-04-15 14:11:16] marketplace.INFO: Controller_Account_EditProfilePost execute : The file was not uploaded. [] []
[2021-04-15 14:11:16] marketplace.INFO: Controller_Account_EditProfilePost execute : The file was not uploaded. [] []
[2021-04-15 14:15:03] marketplace.INFO: Controller_Account_EditProfilePost execute : The file was not uploaded. [] []
[2021-04-15 14:15:03] marketplace.INFO: Controller_Account_EditProfilePost execute : The file was not uploaded. [] []
[2021-04-15 14:15:22] marketplace.INFO: Controller_Account_EditProfilePost execute : The file was not uploaded. [] []
[2021-04-15 14:15:22] marketplace.INFO: Controller_Account_EditProfilePost execute : The file was not uploaded. [] []
[2021-04-15 14:17:48] marketplace.INFO: Controller_Account_EditProfilePost execute : The file was not uploaded. [] []
[2021-04-15 14:17:48] marketplace.INFO: Controller_Account_EditProfilePost execute : The file was not uploaded. [] []
[2021-04-15 14:18:03] marketplace.INFO: Controller_Account_EditProfilePost execute : The file was not uploaded. [] []
[2021-04-15 14:18:03] marketplace.INFO: Controller_Account_EditProfilePost execute : The file was not uploaded. [] []
[2021-04-15 14:18:23] marketplace.INFO: Controller_Account_EditProfilePost execute : The file was not uploaded. [] []
[2021-04-15 14:18:23] marketplace.INFO: Controller_Account_EditProfilePost execute : The file was not uploaded. [] []
[2021-04-15 14:19:53] marketplace.INFO: Controller_Account_EditProfilePost execute : The file was not uploaded. [] []
[2021-04-15 14:19:53] marketplace.INFO: Controller_Account_EditProfilePost execute : The file was not uploaded. [] []
[2021-04-15 14:21:30] marketplace.INFO: Controller_Account_EditProfilePost execute : The file was not uploaded. [] []
[2021-04-15 14:21:30] marketplace.INFO: Controller_Account_EditProfilePost execute : The file was not uploaded. [] []
[2021-04-15 14:21:54] marketplace.INFO: Controller_Account_EditProfilePost execute : The file was not uploaded. [] []
[2021-04-15 14:21:54] marketplace.INFO: Controller_Account_EditProfilePost execute : The file was not uploaded. [] []
[2021-04-15 14:23:35] marketplace.INFO: Controller_Account_EditProfilePost execute : The file was not uploaded. [] []
[2021-04-15 14:23:35] marketplace.INFO: Controller_Account_EditProfilePost execute : The file was not uploaded. [] []
[2021-04-15 14:23:50] marketplace.INFO: Controller_Account_EditProfilePost execute : The file was not uploaded. [] []
[2021-04-15 14:23:50] marketplace.INFO: Controller_Account_EditProfilePost execute : The file was not uploaded. [] []
[2021-04-15 16:08:51] marketplace.INFO: Controller_Account_EditProfilePost execute : Notice: Array to string conversion in /var/www/style.com/public_html/vendor/magento/framework/DB/Adapter/Pdo/Mysql.php on line 3141 [] []
[2021-04-15 16:10:55] marketplace.INFO: Controller_Account_EditProfilePost execute : Notice: Array to string conversion in /var/www/style.com/public_html/vendor/magento/framework/DB/Adapter/Pdo/Mysql.php on line 3141 [] []
[2021-04-15 16:13:00] marketplace.INFO: Controller_Account_EditProfilePost execute : Notice: Array to string conversion in /var/www/style.com/public_html/vendor/magento/framework/DB/Adapter/Pdo/Mysql.php on line 3141 [] []
[2021-04-15 16:14:21] marketplace.INFO: Controller_Account_EditProfilePost execute : Notice: Array to string conversion in /var/www/style.com/public_html/vendor/magento/framework/DB/Adapter/Pdo/Mysql.php on line 3141 [] []
[2021-04-15 16:15:41] marketplace.INFO: Controller_Account_EditProfilePost execute : Notice: Array to string conversion in /var/www/style.com/public_html/vendor/magento/framework/DB/Adapter/Pdo/Mysql.php on line 3141 [] []
[2021-04-15 16:16:21] marketplace.INFO: Controller_Account_EditProfilePost execute : Notice: Array to string conversion in /var/www/style.com/public_html/vendor/magento/framework/DB/Adapter/Pdo/Mysql.php on line 3141 [] []
[2021-04-15 16:16:48] marketplace.INFO: Controller_Account_EditProfilePost execute : The file was not uploaded. [] []
[2021-04-15 16:16:48] marketplace.INFO: Controller_Account_EditProfilePost execute : The file was not uploaded. [] []
[2021-04-15 16:19:43] marketplace.INFO: Controller_Account_EditProfilePost execute : Notice: Array to string conversion in /var/www/style.com/public_html/vendor/magento/framework/DB/Adapter/Pdo/Mysql.php on line 3141 [] []
[2021-04-15 16:25:10] marketplace.INFO: Controller_Account_EditProfilePost execute : Notice: Array to string conversion in /var/www/style.com/public_html/vendor/magento/framework/DB/Adapter/Pdo/Mysql.php on line 3141 [] []
[2021-04-15 16:26:30] marketplace.INFO: Controller_Account_EditProfilePost execute : Notice: Array to string conversion in /var/www/style.com/public_html/vendor/magento/framework/DB/Adapter/Pdo/Mysql.php on line 3141 [] []
[2021-04-15 16:29:50] marketplace.INFO: Controller_Account_EditProfilePost execute : Notice: Array to string conversion in /var/www/style.com/public_html/vendor/magento/framework/DB/Adapter/Pdo/Mysql.php on line 3141 [] []
[2021-04-15 16:32:15] marketplace.INFO: Controller_Account_EditProfilePost execute : The file was not uploaded. [] []
[2021-04-15 16:32:15] marketplace.INFO: Controller_Account_EditProfilePost execute : The file was not uploaded. [] []
[2021-04-16 08:48:04] marketplace.INFO: Controller_Account_EditProfilePost execute : The file was not uploaded. [] []
[2021-04-16 08:48:04] marketplace.INFO: Controller_Account_EditProfilePost execute : The file was not uploaded. [] []
[2021-04-16 08:48:56] marketplace.INFO: Controller_Account_EditProfilePost execute : The file was not uploaded. [] []
[2021-04-16 08:48:56] marketplace.INFO: Controller_Account_EditProfilePost execute : The file was not uploaded. [] []
[2021-04-16 08:52:13] marketplace.INFO: Controller_Account_EditProfilePost execute : The file was not uploaded. [] []
[2021-04-16 08:52:13] marketplace.INFO: Controller_Account_EditProfilePost execute : The file was not uploaded. [] []
[2021-04-16 08:52:33] marketplace.INFO: Controller_Account_EditProfilePost execute : Notice: Array to string conversion in /var/www/style.com/public_html/vendor/magento/framework/DB/Adapter/Pdo/Mysql.php on line 3141 [] []
[2021-04-16 08:53:14] marketplace.INFO: Controller_Account_EditProfilePost execute : The file was not uploaded. [] []
[2021-04-16 08:53:14] marketplace.INFO: Controller_Account_EditProfilePost execute : The file was not uploaded. [] []
[2021-04-16 08:55:21] marketplace.INFO: Controller_Account_EditProfilePost execute : Notice: Array to string conversion in /var/www/style.com/public_html/vendor/magento/framework/DB/Adapter/Pdo/Mysql.php on line 3141 [] []
[2021-04-16 08:57:56] marketplace.INFO: Controller_Account_EditProfilePost execute : Notice: Array to string conversion in /var/www/style.com/public_html/vendor/magento/framework/DB/Adapter/Pdo/Mysql.php on line 3141 [] []
[2021-04-16 09:02:08] marketplace.INFO: Controller_Account_EditProfilePost execute : Notice: Array to string conversion in /var/www/style.com/public_html/vendor/magento/framework/DB/Adapter/Pdo/Mysql.php on line 3141 [] []
[2021-04-16 09:06:10] marketplace.INFO: Controller_Account_EditProfilePost execute : Notice: Array to string conversion in /var/www/style.com/public_html/vendor/magento/framework/DB/Adapter/Pdo/Mysql.php on line 3141 [] []
[2021-04-16 09:10:16] marketplace.INFO: Controller_Account_EditProfilePost execute : The file was not uploaded. [] []
[2021-04-16 09:10:16] marketplace.INFO: Controller_Account_EditProfilePost execute : The file was not uploaded. [] []
[2021-04-16 13:01:35] marketplace.INFO: Controller_Account_EditProfilePost execute : The file was not uploaded. [] []
[2021-04-16 13:01:35] marketplace.INFO: Controller_Account_EditProfilePost execute : The file was not uploaded. [] []
[2021-04-16 13:37:42] marketplace.INFO: Controller_Account_EditProfilePost execute : The file was not uploaded. [] []
[2021-04-16 13:37:42] marketplace.INFO: Controller_Account_EditProfilePost execute : The file was not uploaded. [] []
[2021-04-16 13:37:54] marketplace.INFO: Controller_Account_EditProfilePost execute : The file was not uploaded. [] []
[2021-04-16 13:37:54] marketplace.INFO: Controller_Account_EditProfilePost execute : The file was not uploaded. [] []
[2021-04-16 13:38:07] marketplace.INFO: Controller_Account_EditProfilePost execute : The file was not uploaded. [] []
[2021-04-16 13:38:07] marketplace.INFO: Controller_Account_EditProfilePost execute : The file was not uploaded. [] []
[2021-04-16 13:38:31] marketplace.INFO: Controller_Account_EditProfilePost execute : The file was not uploaded. [] []
[2021-04-16 13:38:31] marketplace.INFO: Controller_Account_EditProfilePost execute : The file was not uploaded. [] []
[2021-04-16 13:39:56] marketplace.INFO: Controller_Account_EditProfilePost execute : The file was not uploaded. [] []
[2021-04-16 13:39:56] marketplace.INFO: Controller_Account_EditProfilePost execute : The file was not uploaded. [] []
[2021-04-16 13:44:07] marketplace.INFO: Controller_Account_EditProfilePost execute : The file was not uploaded. [] []
[2021-04-16 13:44:07] marketplace.INFO: Controller_Account_EditProfilePost execute : The file was not uploaded. [] []
